Traceback (most recent call last):
  File "/Users/kthyng/miniconda3/envs/ciofs/lib/python3.10/site-packages/jupyter_cache/executors/utils.py", line 58, in single_nb_execution
    executenb(
  File "/Users/kthyng/miniconda3/envs/ciofs/lib/python3.10/site-packages/nbclient/client.py", line 1204, in execute
    return NotebookClient(nb=nb, resources=resources, km=km, **kwargs).execute()
  File "/Users/kthyng/miniconda3/envs/ciofs/lib/python3.10/site-packages/nbclient/util.py", line 84, in wrapped
    return just_run(coro(*args, **kwargs))
  File "/Users/kthyng/miniconda3/envs/ciofs/lib/python3.10/site-packages/nbclient/util.py", line 62, in just_run
    return loop.run_until_complete(coro)
  File "/Users/kthyng/miniconda3/envs/ciofs/lib/python3.10/asyncio/base_events.py", line 641, in run_until_complete
    return future.result()
  File "/Users/kthyng/miniconda3/envs/ciofs/lib/python3.10/site-packages/nbclient/client.py", line 663, in async_execute
    await self.async_execute_cell(
  File "/Users/kthyng/miniconda3/envs/ciofs/lib/python3.10/site-packages/nbclient/client.py", line 965, in async_execute_cell
    await self._check_raise_for_error(cell, cell_index, exec_reply)
  File "/Users/kthyng/miniconda3/envs/ciofs/lib/python3.10/site-packages/nbclient/client.py", line 862, in _check_raise_for_error
    raise CellExecutionError.from_cell_and_msg(cell, exec_reply_content)
nbclient.exceptions.CellExecutionError: An error occurred while executing the following cell:
------------------
getattr(chr.src.plot_dataset_on_map, "adcp_moored_noaa_coi_2005")("adcp_moored_noaa_coi_2005")
------------------

[0;31m---------------------------------------------------------------------------[0m
[0;31mAttributeError[0m                            Traceback (most recent call last)
Cell [0;32mIn[2], line 1[0m
[0;32m----> 1[0m [38;5;28;43mgetattr[39;49m[43m([49m[38;5;28;43mchr[39;49m[38;5;241;43m.[39;49m[43msrc[49m[38;5;241;43m.[39;49m[43mplot_dataset_on_map[49m[43m,[49m[43m [49m[38;5;124;43m"[39;49m[38;5;124;43madcp_moored_noaa_coi_2005[39;49m[38;5;124;43m"[39;49m[43m)[49m[43m([49m[38;5;124;43m"[39;49m[38;5;124;43madcp_moored_noaa_coi_2005[39;49m[38;5;124;43m"[39;49m[43m)[49m

File [0;32m~/projects/ciofs-hindcast-report/ciofs_hindcast_report/src/plot_dataset_on_map.py:680[0m, in [0;36madcp_moored_noaa_coi_2005[0;34m(slug, figname)[0m
[1;32m    675[0m two_maps [38;5;241m=[39m [38;5;28mdict[39m(extent_left[38;5;241m=[39m[38;5;28mchr[39m[38;5;241m.[39mextent_whole, extent_right[38;5;241m=[39m[[38;5;241m-[39m[38;5;241m153.6[39m, [38;5;241m-[39m[38;5;241m151[39m, [38;5;241m58.4[39m, [38;5;241m61[39m],
[1;32m    676[0m                 width_ratios[38;5;241m=[39m[[38;5;241m1[39m, [38;5;241m1[39m])
[1;32m    677[0m dds [38;5;241m=[39m [([38;5;241m-[39m[38;5;241m10000[39m,[38;5;241m10000[39m), ([38;5;241m0[39m,[38;5;241m10000[39m), ([38;5;241m5000[39m, [38;5;241m10000[39m), ([38;5;241m0[39m,[38;5;241m0[39m),([38;5;241m0[39m,[38;5;241m0[39m),([38;5;241m0[39m,[38;5;241m0[39m),([38;5;241m0[39m,[38;5;241m0[39m),([38;5;241m0[39m,[38;5;241m0[39m), 
[1;32m    678[0m        ([38;5;241m0[39m,[38;5;241m0[39m),([38;5;241m0[39m,[38;5;241m0[39m),([38;5;241m0[39m,[38;5;241m0[39m),([38;5;241m0[39m,[38;5;241m0[39m),([38;5;241m0[39m,[38;5;241m0[39m), ([38;5;241m0[39m,[38;5;241m0[39m),([38;5;241m0[39m,[38;5;241m0[39m),([38;5;241m0[39m,[38;5;241m0[39m),([38;5;241m0[39m,[38;5;241m0[39m),([38;5;241m0[39m,[38;5;241m0[39m),([38;5;241m0[39m,[38;5;241m0[39m),([38;5;241m0[39m,[38;5;241m0[39m),
[1;32m    679[0m        ([38;5;241m0[39m,[38;5;241m-[39m[38;5;241m10000[39m), ([38;5;241m0[39m,[38;5;241m10000[39m), ([38;5;241m5000[39m,[38;5;241m5000[39m), ([38;5;241m10000[39m,[38;5;241m0[39m)]
[0;32m--> 680[0m [43momsa[49m[38;5;241;43m.[39;49m[43mplot[49m[38;5;241;43m.[39;49m[43mmap[49m[38;5;241;43m.[39;49m[43mplot_map[49m[43m([49m[43mnp[49m[38;5;241;43m.[39;49m[43masarray[49m[43m([49m[43mmaps[49m[43m)[49m[43m,[49m
[1;32m    681[0m [43m                    [49m[38;5;66;43;03m#    figname=f"Map of {slug}",[39;49;00m
[1;32m    682[0m [43m                              [49m[43mlabel_with_station_name[49m[38;5;241;43m=[39;49m[38;5;28;43;01mTrue[39;49;00m[43m,[49m[43m [49m
[1;32m    683[0m [43m                              [49m[43mtwo_maps[49m[38;5;241;43m=[39;49m[43mtwo_maps[49m[43m,[49m
[1;32m    684[0m [43m                              [49m[43mfigsize[49m[38;5;241;43m=[39;49m[38;5;28;43mchr[39;49m[38;5;241;43m.[39;49m[43mfigsize[49m[43m,[49m[43m [49m
[1;32m    685[0m [43m                              [49m[43mmap_font_size[49m[38;5;241;43m=[39;49m[38;5;28;43mchr[39;49m[38;5;241;43m.[39;49m[43mmap_font_size[49m[43m,[49m
[1;32m    686[0m [43m                              [49m[43mlegend[49m[38;5;241;43m=[39;49m[38;5;28;43;01mFalse[39;49;00m[43m,[49m
[1;32m    687[0m [43m                              [49m[43mannotate_fontsize[49m[38;5;241;43m=[39;49m[38;5;241;43m10[39;49m[43m,[49m
[1;32m    688[0m [43m                              [49m[43mdd[49m[38;5;241;43m=[39;49m[43mdds[49m[43m,[49m
[1;32m    689[0m [43m                              [49m[43mannotate[49m[38;5;241;43m=[39;49m[38;5;28;43;01mTrue[39;49;00m[43m,[49m
[1;32m    690[0m [43m                              [49m[43mtight_layout[49m[38;5;241;43m=[39;49m[38;5;28;43;01mTrue[39;49;00m[43m,[49m
[1;32m    691[0m [43m                              [49m[43mfigname[49m[38;5;241;43m=[39;49m[43mfigname[49m[43m,[49m
[1;32m    692[0m [43m                       [49m[43m)[49m

File [0;32m~/projects/ocean-model-skill-assessor/ocean_model_skill_assessor/plot/map.py:377[0m, in [0;36mplot_map[0;34m(maps, figname, extent, p, label_with_station_name, dd, annotate, annotate_fontsize, figsize, two_maps, map_font_size, markersize, markeredgewidth, linewidth_data, linewidth_poly, colors_data, legend, loc, suptitle, suptitle_fontsize, tight_layout)[0m
[1;32m    374[0m [38;5;28;01mif[39;00m two_maps [38;5;129;01mis[39;00m [38;5;129;01mnot[39;00m [38;5;28;01mNone[39;00m [38;5;129;01mand[39;00m tight_layout:
[1;32m    375[0m     fig[38;5;241m.[39mtight_layout()
[0;32m--> 377[0m [43mfig[49m[38;5;241;43m.[39;49m[43msavefig[49m[43m([49m[43mfigname[49m[43m,[49m[43m [49m[43mdpi[49m[38;5;241;43m=[39;49m[38;5;241;43m100[39;49m[43m,[49m[43m [49m[43mbbox_inches[49m[38;5;241;43m=[39;49m[38;5;124;43m"[39;49m[38;5;124;43mtight[39;49m[38;5;124;43m"[39;49m[43m)[49m

File [0;32m~/miniconda3/envs/ciofs/lib/python3.10/site-packages/matplotlib/figure.py:3343[0m, in [0;36mFigure.savefig[0;34m(self, fname, transparent, **kwargs)[0m
[1;32m   3339[0m     [38;5;28;01mfor[39;00m ax [38;5;129;01min[39;00m [38;5;28mself[39m[38;5;241m.[39maxes:
[1;32m   3340[0m         stack[38;5;241m.[39menter_context(
[1;32m   3341[0m             ax[38;5;241m.[39mpatch[38;5;241m.[39m_cm_set(facecolor[38;5;241m=[39m[38;5;124m'[39m[38;5;124mnone[39m[38;5;124m'[39m, edgecolor[38;5;241m=[39m[38;5;124m'[39m[38;5;124mnone[39m[38;5;124m'[39m))
[0;32m-> 3343[0m [38;5;28;43mself[39;49m[38;5;241;43m.[39;49m[43mcanvas[49m[38;5;241;43m.[39;49m[43mprint_figure[49m[43m([49m[43mfname[49m[43m,[49m[43m [49m[38;5;241;43m*[39;49m[38;5;241;43m*[39;49m[43mkwargs[49m[43m)[49m

File [0;32m~/miniconda3/envs/ciofs/lib/python3.10/site-packages/matplotlib/backend_bases.py:2366[0m, in [0;36mFigureCanvasBase.print_figure[0;34m(self, filename, dpi, facecolor, edgecolor, orientation, format, bbox_inches, pad_inches, bbox_extra_artists, backend, **kwargs)[0m
[1;32m   2362[0m [38;5;28;01mtry[39;00m:
[1;32m   2363[0m     [38;5;66;03m# _get_renderer may change the figure dpi (as vector formats[39;00m
[1;32m   2364[0m     [38;5;66;03m# force the figure dpi to 72), so we need to set it again here.[39;00m
[1;32m   2365[0m     [38;5;28;01mwith[39;00m cbook[38;5;241m.[39m_setattr_cm([38;5;28mself[39m[38;5;241m.[39mfigure, dpi[38;5;241m=[39mdpi):
[0;32m-> 2366[0m         result [38;5;241m=[39m [43mprint_method[49m[43m([49m
[1;32m   2367[0m [43m            [49m[43mfilename[49m[43m,[49m
[1;32m   2368[0m [43m            [49m[43mfacecolor[49m[38;5;241;43m=[39;49m[43mfacecolor[49m[43m,[49m
[1;32m   2369[0m [43m            [49m[43medgecolor[49m[38;5;241;43m=[39;49m[43medgecolor[49m[43m,[49m
[1;32m   2370[0m [43m            [49m[43morientation[49m[38;5;241;43m=[39;49m[43morientation[49m[43m,[49m
[1;32m   2371[0m [43m            [49m[43mbbox_inches_restore[49m[38;5;241;43m=[39;49m[43m_bbox_inches_restore[49m[43m,[49m
[1;32m   2372[0m [43m            [49m[38;5;241;43m*[39;49m[38;5;241;43m*[39;49m[43mkwargs[49m[43m)[49m
[1;32m   2373[0m [38;5;28;01mfinally[39;00m:
[1;32m   2374[0m     [38;5;28;01mif[39;00m bbox_inches [38;5;129;01mand[39;00m restore_bbox:

File [0;32m~/miniconda3/envs/ciofs/lib/python3.10/site-packages/matplotlib/backend_bases.py:2232[0m, in [0;36mFigureCanvasBase._switch_canvas_and_return_print_method.<locals>.<lambda>[0;34m(*args, **kwargs)[0m
[1;32m   2228[0m     optional_kws [38;5;241m=[39m {  [38;5;66;03m# Passed by print_figure for other renderers.[39;00m
[1;32m   2229[0m         [38;5;124m"[39m[38;5;124mdpi[39m[38;5;124m"[39m, [38;5;124m"[39m[38;5;124mfacecolor[39m[38;5;124m"[39m, [38;5;124m"[39m[38;5;124medgecolor[39m[38;5;124m"[39m, [38;5;124m"[39m[38;5;124morientation[39m[38;5;124m"[39m,
[1;32m   2230[0m         [38;5;124m"[39m[38;5;124mbbox_inches_restore[39m[38;5;124m"[39m}
[1;32m   2231[0m     skip [38;5;241m=[39m optional_kws [38;5;241m-[39m {[38;5;241m*[39minspect[38;5;241m.[39msignature(meth)[38;5;241m.[39mparameters}
[0;32m-> 2232[0m     print_method [38;5;241m=[39m functools[38;5;241m.[39mwraps(meth)([38;5;28;01mlambda[39;00m [38;5;241m*[39margs, [38;5;241m*[39m[38;5;241m*[39mkwargs: [43mmeth[49m[43m([49m
[1;32m   2233[0m [43m        [49m[38;5;241;43m*[39;49m[43margs[49m[43m,[49m[43m [49m[38;5;241;43m*[39;49m[38;5;241;43m*[39;49m[43m{[49m[43mk[49m[43m:[49m[43m [49m[43mv[49m[43m [49m[38;5;28;43;01mfor[39;49;00m[43m [49m[43mk[49m[43m,[49m[43m [49m[43mv[49m[43m [49m[38;5;129;43;01min[39;49;00m[43m [49m[43mkwargs[49m[38;5;241;43m.[39;49m[43mitems[49m[43m([49m[43m)[49m[43m [49m[38;5;28;43;01mif[39;49;00m[43m [49m[43mk[49m[43m [49m[38;5;129;43;01mnot[39;49;00m[43m [49m[38;5;129;43;01min[39;49;00m[43m [49m[43mskip[49m[43m}[49m[43m)[49m)
[1;32m   2234[0m [38;5;28;01melse[39;00m:  [38;5;66;03m# Let third-parties do as they see fit.[39;00m
[1;32m   2235[0m     print_method [38;5;241m=[39m meth

File [0;32m~/miniconda3/envs/ciofs/lib/python3.10/site-packages/matplotlib/backends/backend_agg.py:509[0m, in [0;36mFigureCanvasAgg.print_png[0;34m(self, filename_or_obj, metadata, pil_kwargs)[0m
[1;32m    462[0m [38;5;28;01mdef[39;00m [38;5;21mprint_png[39m([38;5;28mself[39m, filename_or_obj, [38;5;241m*[39m, metadata[38;5;241m=[39m[38;5;28;01mNone[39;00m, pil_kwargs[38;5;241m=[39m[38;5;28;01mNone[39;00m):
[1;32m    463[0m [38;5;250m    [39m[38;5;124;03m"""[39;00m
[1;32m    464[0m [38;5;124;03m    Write the figure to a PNG file.[39;00m
[1;32m    465[0m 
[0;32m   (...)[0m
[1;32m    507[0m [38;5;124;03m        *metadata*, including the default 'Software' key.[39;00m
[1;32m    508[0m [38;5;124;03m    """[39;00m
[0;32m--> 509[0m     [38;5;28;43mself[39;49m[38;5;241;43m.[39;49m[43m_print_pil[49m[43m([49m[43mfilename_or_obj[49m[43m,[49m[43m [49m[38;5;124;43m"[39;49m[38;5;124;43mpng[39;49m[38;5;124;43m"[39;49m[43m,[49m[43m [49m[43mpil_kwargs[49m[43m,[49m[43m [49m[43mmetadata[49m[43m)[49m

File [0;32m~/miniconda3/envs/ciofs/lib/python3.10/site-packages/matplotlib/backends/backend_agg.py:458[0m, in [0;36mFigureCanvasAgg._print_pil[0;34m(self, filename_or_obj, fmt, pil_kwargs, metadata)[0m
[1;32m    453[0m [38;5;250m[39m[38;5;124;03m"""[39;00m
[1;32m    454[0m [38;5;124;03mDraw the canvas, then save it using `.image.imsave` (to which[39;00m
[1;32m    455[0m [38;5;124;03m*pil_kwargs* and *metadata* are forwarded).[39;00m
[1;32m    456[0m [38;5;124;03m"""[39;00m
[1;32m    457[0m FigureCanvasAgg[38;5;241m.[39mdraw([38;5;28mself[39m)
[0;32m--> 458[0m [43mmpl[49m[38;5;241;43m.[39;49m[43mimage[49m[38;5;241;43m.[39;49m[43mimsave[49m[43m([49m
[1;32m    459[0m [43m    [49m[43mfilename_or_obj[49m[43m,[49m[43m [49m[38;5;28;43mself[39;49m[38;5;241;43m.[39;49m[43mbuffer_rgba[49m[43m([49m[43m)[49m[43m,[49m[43m [49m[38;5;28;43mformat[39;49m[38;5;241;43m=[39;49m[43mfmt[49m[43m,[49m[43m [49m[43morigin[49m[38;5;241;43m=[39;49m[38;5;124;43m"[39;49m[38;5;124;43mupper[39;49m[38;5;124;43m"[39;49m[43m,[49m
[1;32m    460[0m [43m    [49m[43mdpi[49m[38;5;241;43m=[39;49m[38;5;28;43mself[39;49m[38;5;241;43m.[39;49m[43mfigure[49m[38;5;241;43m.[39;49m[43mdpi[49m[43m,[49m[43m [49m[43mmetadata[49m[38;5;241;43m=[39;49m[43mmetadata[49m[43m,[49m[43m [49m[43mpil_kwargs[49m[38;5;241;43m=[39;49m[43mpil_kwargs[49m[43m)[49m

File [0;32m~/miniconda3/envs/ciofs/lib/python3.10/site-packages/matplotlib/image.py:1689[0m, in [0;36mimsave[0;34m(fname, arr, vmin, vmax, cmap, format, origin, dpi, metadata, pil_kwargs)[0m
[1;32m   1687[0m pil_kwargs[38;5;241m.[39msetdefault([38;5;124m"[39m[38;5;124mformat[39m[38;5;124m"[39m, [38;5;28mformat[39m)
[1;32m   1688[0m pil_kwargs[38;5;241m.[39msetdefault([38;5;124m"[39m[38;5;124mdpi[39m[38;5;124m"[39m, (dpi, dpi))
[0;32m-> 1689[0m [43mimage[49m[38;5;241;43m.[39;49m[43msave[49m[43m([49m[43mfname[49m[43m,[49m[43m [49m[38;5;241;43m*[39;49m[38;5;241;43m*[39;49m[43mpil_kwargs[49m[43m)[49m

File [0;32m~/miniconda3/envs/ciofs/lib/python3.10/site-packages/PIL/Image.py:2432[0m, in [0;36mImage.save[0;34m(self, fp, format, **params)[0m
[1;32m   2429[0m         fp [38;5;241m=[39m builtins[38;5;241m.[39mopen(filename, [38;5;124m"[39m[38;5;124mw+b[39m[38;5;124m"[39m)
[1;32m   2431[0m [38;5;28;01mtry[39;00m:
[0;32m-> 2432[0m     [43msave_handler[49m[43m([49m[38;5;28;43mself[39;49m[43m,[49m[43m [49m[43mfp[49m[43m,[49m[43m [49m[43mfilename[49m[43m)[49m
[1;32m   2433[0m [38;5;28;01mexcept[39;00m [38;5;167;01mException[39;00m:
[1;32m   2434[0m     [38;5;28;01mif[39;00m open_fp:

File [0;32m~/miniconda3/envs/ciofs/lib/python3.10/site-packages/PIL/PngImagePlugin.py:1294[0m, in [0;36m_save[0;34m(im, fp, filename, chunk, save_all)[0m
[1;32m   1289[0m     [38;5;28;01mraise[39;00m [38;5;167;01mOSError[39;00m(msg) [38;5;28;01mfrom[39;00m [38;5;21;01me[39;00m
[1;32m   1291[0m [38;5;66;03m#[39;00m
[1;32m   1292[0m [38;5;66;03m# write minimal PNG file[39;00m
[0;32m-> 1294[0m [43mfp[49m[38;5;241;43m.[39;49m[43mwrite[49m(_MAGIC)
[1;32m   1296[0m chunk(
[1;32m   1297[0m     fp,
[1;32m   1298[0m     [38;5;124mb[39m[38;5;124m"[39m[38;5;124mIHDR[39m[38;5;124m"[39m,
[0;32m   (...)[0m
[1;32m   1304[0m     [38;5;124mb[39m[38;5;124m"[39m[38;5;130;01m\0[39;00m[38;5;124m"[39m,  [38;5;66;03m# 12: interlace flag[39;00m
[1;32m   1305[0m )
[1;32m   1307[0m chunks [38;5;241m=[39m [[38;5;124mb[39m[38;5;124m"[39m[38;5;124mcHRM[39m[38;5;124m"[39m, [38;5;124mb[39m[38;5;124m"[39m[38;5;124mgAMA[39m[38;5;124m"[39m, [38;5;124mb[39m[38;5;124m"[39m[38;5;124msBIT[39m[38;5;124m"[39m, [38;5;124mb[39m[38;5;124m"[39m[38;5;124msRGB[39m[38;5;124m"[39m, [38;5;124mb[39m[38;5;124m"[39m[38;5;124mtIME[39m[38;5;124m"[39m]

[0;31mAttributeError[0m: 'NoneType' object has no attribute 'write'
AttributeError: 'NoneType' object has no attribute 'write'

