Traceback (most recent call last):
  File "/Users/kthyng/miniconda3/envs/ciofs/lib/python3.10/site-packages/jupyter_cache/executors/utils.py", line 58, in single_nb_execution
    executenb(
  File "/Users/kthyng/miniconda3/envs/ciofs/lib/python3.10/site-packages/nbclient/client.py", line 1204, in execute
    return NotebookClient(nb=nb, resources=resources, km=km, **kwargs).execute()
  File "/Users/kthyng/miniconda3/envs/ciofs/lib/python3.10/site-packages/nbclient/util.py", line 84, in wrapped
    return just_run(coro(*args, **kwargs))
  File "/Users/kthyng/miniconda3/envs/ciofs/lib/python3.10/site-packages/nbclient/util.py", line 62, in just_run
    return loop.run_until_complete(coro)
  File "/Users/kthyng/miniconda3/envs/ciofs/lib/python3.10/asyncio/base_events.py", line 641, in run_until_complete
    return future.result()
  File "/Users/kthyng/miniconda3/envs/ciofs/lib/python3.10/site-packages/nbclient/client.py", line 663, in async_execute
    await self.async_execute_cell(
  File "/Users/kthyng/miniconda3/envs/ciofs/lib/python3.10/site-packages/nbclient/client.py", line 965, in async_execute_cell
    await self._check_raise_for_error(cell, cell_index, exec_reply)
  File "/Users/kthyng/miniconda3/envs/ciofs/lib/python3.10/site-packages/nbclient/client.py", line 862, in _check_raise_for_error
    raise CellExecutionError.from_cell_and_msg(cell, exec_reply_content)
nbclient.exceptions.CellExecutionError: An error occurred while executing the following cell:
------------------
cat['COI0519'].plot.ualong() + cat['COI0519'].plot.vacross()
------------------

[0;31m---------------------------------------------------------------------------[0m
[0;31mCOOPSAPIError[0m                             Traceback (most recent call last)
Cell [0;32mIn[22], line 1[0m
[0;32m----> 1[0m [43mcat[49m[43m[[49m[38;5;124;43m'[39;49m[38;5;124;43mCOI0519[39;49m[38;5;124;43m'[39;49m[43m][49m[38;5;241;43m.[39;49m[43mplot[49m[38;5;241;43m.[39;49m[43mualong[49m[43m([49m[43m)[49m [38;5;241m+[39m cat[[38;5;124m'[39m[38;5;124mCOI0519[39m[38;5;124m'[39m][38;5;241m.[39mplot[38;5;241m.[39mvacross()

File [0;32m~/miniconda3/envs/ciofs/lib/python3.10/site-packages/hvplot/plotting/core.py:92[0m, in [0;36mhvPlotBase.__call__[0;34m(self, x, y, kind, **kwds)[0m
[1;32m     89[0m         plot [38;5;241m=[39m [38;5;28mself[39m[38;5;241m.[39m_get_converter(x, y, kind, [38;5;241m*[39m[38;5;241m*[39mkwds)(kind, x, y)
[1;32m     90[0m         [38;5;28;01mreturn[39;00m pn[38;5;241m.[39mpanel(plot, [38;5;241m*[39m[38;5;241m*[39mpanel_dict)
[0;32m---> 92[0m [38;5;28;01mreturn[39;00m [38;5;28;43mself[39;49m[38;5;241;43m.[39;49m[43m_get_converter[49m[43m([49m[43mx[49m[43m,[49m[43m [49m[43my[49m[43m,[49m[43m [49m[43mkind[49m[43m,[49m[43m [49m[38;5;241;43m*[39;49m[38;5;241;43m*[39;49m[43mkwds[49m[43m)[49m(kind, x, y)

File [0;32m~/miniconda3/envs/ciofs/lib/python3.10/site-packages/hvplot/plotting/core.py:99[0m, in [0;36mhvPlotBase._get_converter[0;34m(self, x, y, kind, **kwds)[0m
[1;32m     97[0m y [38;5;241m=[39m y [38;5;129;01mor[39;00m params[38;5;241m.[39mpop([38;5;124m"[39m[38;5;124my[39m[38;5;124m"[39m, [38;5;28;01mNone[39;00m)
[1;32m     98[0m kind [38;5;241m=[39m kind [38;5;129;01mor[39;00m params[38;5;241m.[39mpop([38;5;124m"[39m[38;5;124mkind[39m[38;5;124m"[39m, [38;5;28;01mNone[39;00m)
[0;32m---> 99[0m [38;5;28;01mreturn[39;00m [43mHoloViewsConverter[49m[43m([49m[38;5;28;43mself[39;49m[38;5;241;43m.[39;49m[43m_data[49m[43m,[49m[43m [49m[43mx[49m[43m,[49m[43m [49m[43my[49m[43m,[49m[43m [49m[43mkind[49m[38;5;241;43m=[39;49m[43mkind[49m[43m,[49m[43m [49m[38;5;241;43m*[39;49m[38;5;241;43m*[39;49m[43mparams[49m[43m)[49m

File [0;32m~/miniconda3/envs/ciofs/lib/python3.10/site-packages/hvplot/converter.py:389[0m, in [0;36mHoloViewsConverter.__init__[0;34m(self, data, x, y, kind, by, use_index, group_label, value_label, backlog, persist, use_dask, crs, fields, groupby, dynamic, grid, legend, rot, title, xlim, ylim, clim, symmetric, logx, logy, loglog, hover, subplots, label, invert, stacked, colorbar, datashade, rasterize, row, col, debug, framewise, aggregator, projection, global_extent, geo, precompute, flip_xaxis, flip_yaxis, dynspread, hover_cols, x_sampling, y_sampling, project, tools, attr_labels, coastline, tiles, sort_date, check_symmetric_max, transforms, stream, cnorm, features, rescale_discrete_levels, **kwds)[0m
[1;32m    387[0m [38;5;28mself[39m[38;5;241m.[39mvalue_label [38;5;241m=[39m value_label
[1;32m    388[0m [38;5;28mself[39m[38;5;241m.[39mlabel [38;5;241m=[39m label
[0;32m--> 389[0m [38;5;28;43mself[39;49m[38;5;241;43m.[39;49m[43m_process_data[49m[43m([49m
[1;32m    390[0m [43m    [49m[43mkind[49m[43m,[49m[43m [49m[43mdata[49m[43m,[49m[43m [49m[43mx[49m[43m,[49m[43m [49m[43my[49m[43m,[49m[43m [49m[43mby[49m[43m,[49m[43m [49m[43mgroupby[49m[43m,[49m[43m [49m[43mrow[49m[43m,[49m[43m [49m[43mcol[49m[43m,[49m[43m [49m[43muse_dask[49m[43m,[49m
[1;32m    391[0m [43m    [49m[43mpersist[49m[43m,[49m[43m [49m[43mbacklog[49m[43m,[49m[43m [49m[43mlabel[49m[43m,[49m[43m [49m[43mgroup_label[49m[43m,[49m[43m [49m[43mvalue_label[49m[43m,[49m
[1;32m    392[0m [43m    [49m[43mhover_cols[49m[43m,[49m[43m [49m[43mattr_labels[49m[43m,[49m[43m [49m[43mtransforms[49m[43m,[49m[43m [49m[43mstream[49m[43m,[49m[43m [49m[43mkwds[49m
[1;32m    393[0m [43m[49m[43m)[49m
[1;32m    395[0m [38;5;28mself[39m[38;5;241m.[39mdynamic [38;5;241m=[39m dynamic
[1;32m    396[0m [38;5;28mself[39m[38;5;241m.[39mgeo [38;5;241m=[39m [38;5;28many[39m([geo, crs, global_extent, projection, project, coastline, features])

File [0;32m~/miniconda3/envs/ciofs/lib/python3.10/site-packages/hvplot/converter.py:673[0m, in [0;36mHoloViewsConverter._process_data[0;34m(self, kind, data, x, y, by, groupby, row, col, use_dask, persist, backlog, label, group_label, value_label, hover_cols, attr_labels, transforms, stream, kwds)[0m
[1;32m    671[0m     data [38;5;241m=[39m data[38;5;241m.[39mto_frame()
[1;32m    672[0m [38;5;28;01mif[39;00m is_intake(data):
[0;32m--> 673[0m     data [38;5;241m=[39m [43mprocess_intake[49m[43m([49m[43mdata[49m[43m,[49m[43m [49m[43muse_dask[49m[43m [49m[38;5;129;43;01mor[39;49;00m[43m [49m[43mpersist[49m[43m)[49m
[1;32m    674[0m [38;5;66;03m# Pandas interface in HoloViews doesn't accept non-string columns.[39;00m
[1;32m    675[0m [38;5;66;03m# The converter stores a reference to the source data to[39;00m
[1;32m    676[0m [38;5;66;03m# update the `_dataset` property (of the hv object its __call__ method[39;00m
[1;32m    677[0m [38;5;66;03m# returns) with a hv Dataset created from the source data, which[39;00m
[1;32m    678[0m [38;5;66;03m# is done for optimizating some operations in HoloViews.[39;00m
[1;32m    679[0m data [38;5;241m=[39m _convert_col_names_to_str(data)

File [0;32m~/miniconda3/envs/ciofs/lib/python3.10/site-packages/hvplot/util.py:361[0m, in [0;36mprocess_intake[0;34m(data, use_dask)[0m
[1;32m    359[0m     data [38;5;241m=[39m data[38;5;241m.[39mto_dask()
[1;32m    360[0m [38;5;28;01melse[39;00m:
[0;32m--> 361[0m     data [38;5;241m=[39m [43mdata[49m[38;5;241;43m.[39;49m[43mread[49m[43m([49m[43m)[49m
[1;32m    362[0m [38;5;28;01mreturn[39;00m data

File [0;32m~/projects/intake-coops/intake_coops/coops.py:216[0m, in [0;36mCOOPSXarraySource.read[0;34m(self)[0m
[1;32m    213[0m [38;5;250m[39m[38;5;124;03m"""Read data."""[39;00m
[1;32m    214[0m [38;5;28;01mif[39;00m [38;5;28mself[39m[38;5;241m.[39m_ds [38;5;129;01mis[39;00m [38;5;28;01mNone[39;00m:
[1;32m    215[0m     [38;5;66;03m# self._load_metadata()[39;00m
[0;32m--> 216[0m     [38;5;28;43mself[39;49m[38;5;241;43m.[39;49m[43m_load[49m[43m([49m[43m)[49m
[1;32m    217[0m [38;5;28;01mreturn[39;00m [38;5;28mself[39m[38;5;241m.[39m_ds

File [0;32m~/projects/intake-coops/intake_coops/coops.py:140[0m, in [0;36mCOOPSXarraySource._load[0;34m(self)[0m
[1;32m    138[0m [38;5;28;01mdef[39;00m [38;5;21m_load[39m([38;5;28mself[39m):
[1;32m    139[0m [38;5;250m    [39m[38;5;124;03m"""Read as DataFrame but convert to Dataset."""[39;00m
[0;32m--> 140[0m     df [38;5;241m=[39m [38;5;28;43mself[39;49m[38;5;241;43m.[39;49m[43msource[49m[38;5;241;43m.[39;49m[43mread[49m[43m([49m[43m)[49m
[1;32m    141[0m     inds [38;5;241m=[39m [df[38;5;241m.[39mcf[[38;5;124m"[39m[38;5;124mT[39m[38;5;124m"[39m][38;5;241m.[39mname, df[38;5;241m.[39mcf[[38;5;124m"[39m[38;5;124mZ[39m[38;5;124m"[39m][38;5;241m.[39mname]
[1;32m    142[0m     [38;5;28mself[39m[38;5;241m.[39m_ds [38;5;241m=[39m (
[1;32m    143[0m         df[38;5;241m.[39mreset_index()
[1;32m    144[0m         [38;5;241m.[39mset_index(inds)
[0;32m   (...)[0m
[1;32m    147[0m         [38;5;241m.[39mto_xarray()
[1;32m    148[0m     )

File [0;32m~/projects/intake-coops/intake_coops/coops.py:65[0m, in [0;36mCOOPSDataframeSource.read[0;34m(self)[0m
[1;32m     63[0m [38;5;28;01mdef[39;00m [38;5;21mread[39m([38;5;28mself[39m) [38;5;241m-[39m[38;5;241m>[39m pd[38;5;241m.[39mDataFrame:
[1;32m     64[0m [38;5;250m    [39m[38;5;124;03m"""Return the dataframe from ERDDAP"""[39;00m
[0;32m---> 65[0m     [38;5;28;01mreturn[39;00m [38;5;28;43mself[39;49m[38;5;241;43m.[39;49m[43m_get_partition[49m[43m([49m[43m)[49m

File [0;32m~/projects/intake-coops/intake_coops/coops.py:60[0m, in [0;36mCOOPSDataframeSource._get_partition[0;34m(self)[0m
[1;32m     58[0m [38;5;28;01mdef[39;00m [38;5;21m_get_partition[39m([38;5;28mself[39m) [38;5;241m-[39m[38;5;241m>[39m pd[38;5;241m.[39mDataFrame:
[1;32m     59[0m     [38;5;28;01mif[39;00m [38;5;28mself[39m[38;5;241m.[39m_dataframe [38;5;129;01mis[39;00m [38;5;28;01mNone[39;00m:
[0;32m---> 60[0m         [38;5;28;43mself[39;49m[38;5;241;43m.[39;49m[43m_load_metadata[49m[43m([49m[43m)[49m
[1;32m     61[0m     [38;5;28;01mreturn[39;00m [38;5;28mself[39m[38;5;241m.[39m_dataframe

File [0;32m~/miniconda3/envs/ciofs/lib/python3.10/site-packages/intake/source/base.py:279[0m, in [0;36mDataSourceBase._load_metadata[0;34m(self)[0m
[1;32m    277[0m [38;5;250m[39m[38;5;124;03m"""load metadata only if needed"""[39;00m
[1;32m    278[0m [38;5;28;01mif[39;00m [38;5;28mself[39m[38;5;241m.[39m_schema [38;5;129;01mis[39;00m [38;5;28;01mNone[39;00m:
[0;32m--> 279[0m     [38;5;28mself[39m[38;5;241m.[39m_schema [38;5;241m=[39m [38;5;28;43mself[39;49m[38;5;241;43m.[39;49m[43m_get_schema[49m[43m([49m[43m)[49m
[1;32m    280[0m     [38;5;28mself[39m[38;5;241m.[39mdtype [38;5;241m=[39m [38;5;28mself[39m[38;5;241m.[39m_schema[38;5;241m.[39mdtype
[1;32m    281[0m     [38;5;28mself[39m[38;5;241m.[39mshape [38;5;241m=[39m [38;5;28mself[39m[38;5;241m.[39m_schema[38;5;241m.[39mshape

File [0;32m~/projects/intake-coops/intake_coops/coops.py:46[0m, in [0;36mCOOPSDataframeSource._get_schema[0;34m(self)[0m
[1;32m     42[0m [38;5;28;01mdef[39;00m [38;5;21m_get_schema[39m([38;5;28mself[39m) [38;5;241m-[39m[38;5;241m>[39m base[38;5;241m.[39mSchema:
[1;32m     43[0m     [38;5;28;01mif[39;00m [38;5;28mself[39m[38;5;241m.[39m_dataframe [38;5;129;01mis[39;00m [38;5;28;01mNone[39;00m:
[1;32m     44[0m         [38;5;66;03m# TODO: could do partial read with chunksize to get likely schema from[39;00m
[1;32m     45[0m         [38;5;66;03m# first few records, rather than loading the whole thing[39;00m
[0;32m---> 46[0m         [38;5;28;43mself[39;49m[38;5;241;43m.[39;49m[43m_load[49m[43m([49m[43m)[49m
[1;32m     47[0m         [38;5;28mself[39m[38;5;241m.[39m_dataset_metadata [38;5;241m=[39m [38;5;28mself[39m[38;5;241m.[39m_get_dataset_metadata()
[1;32m     48[0m     [38;5;66;03m# make type checker happy[39;00m

File [0;32m~/projects/intake-coops/intake_coops/coops.py:77[0m, in [0;36mCOOPSDataframeSource._load[0;34m(self)[0m
[1;32m     75[0m depth [38;5;241m=[39m [38;5;28mbin[39m[[38;5;124m"[39m[38;5;124mdepth[39m[38;5;124m"[39m]
[1;32m     76[0m num [38;5;241m=[39m [38;5;28mbin[39m[[38;5;124m"[39m[38;5;124mnum[39m[38;5;124m"[39m]
[0;32m---> 77[0m df [38;5;241m=[39m [38;5;28;43mself[39;49m[38;5;241;43m.[39;49m[43ms[49m[38;5;241;43m.[39;49m[43mget_data[49m[43m([49m
[1;32m     78[0m [43m    [49m[43mbegin_date[49m[38;5;241;43m=[39;49m[43mbegin_date[49m[43m,[49m
[1;32m     79[0m [43m    [49m[43mend_date[49m[38;5;241;43m=[39;49m[43mend_date[49m[43m,[49m
[1;32m     80[0m [43m    [49m[43mproduct[49m[38;5;241;43m=[39;49m[38;5;124;43m"[39;49m[38;5;124;43mcurrents[39;49m[38;5;124;43m"[39;49m[43m,[49m
[1;32m     81[0m [43m    [49m[43mbin_num[49m[38;5;241;43m=[39;49m[43mnum[49m[43m,[49m
[1;32m     82[0m [43m[49m[43m)[49m
[1;32m     83[0m df[[38;5;124m"[39m[38;5;124mdepth[39m[38;5;124m"[39m] [38;5;241m=[39m depth
[1;32m     84[0m dfs[38;5;241m.[39mappend(df)

File [0;32m~/miniconda3/envs/ciofs/lib/python3.10/site-packages/noaa_coops/station.py:732[0m, in [0;36mStation.get_data[0;34m(self, begin_date, end_date, product, datum, bin_num, interval, units, time_zone)[0m
[1;32m    729[0m         df [38;5;241m=[39m pd[38;5;241m.[39mconcat([df, df_block])
[1;32m    731[0m [38;5;28;01mif[39;00m df[38;5;241m.[39mempty:
[0;32m--> 732[0m     [38;5;28;01mraise[39;00m COOPSAPIError(
[1;32m    733[0m         [38;5;124mf[39m[38;5;124m"[39m[38;5;124mNo data returned for [39m[38;5;132;01m{[39;00mproduct[38;5;132;01m}[39;00m[38;5;124m product between [39m[38;5;124m"[39m
[1;32m    734[0m         [38;5;124mf[39m[38;5;124m"[39m[38;5;132;01m{[39;00mbegin_str[38;5;132;01m}[39;00m[38;5;124m and [39m[38;5;132;01m{[39;00mend_str[38;5;132;01m}[39;00m[38;5;124m"[39m
[1;32m    735[0m     )
[1;32m    737[0m df[38;5;241m.[39mindex [38;5;241m=[39m pd[38;5;241m.[39mto_datetime(df[[38;5;124m"[39m[38;5;124mt[39m[38;5;124m"[39m])
[1;32m    738[0m df [38;5;241m=[39m df[38;5;241m.[39mdrop(columns[38;5;241m=[39m[[38;5;124m"[39m[38;5;124mt[39m[38;5;124m"[39m])

[0;31mCOOPSAPIError[0m: No data returned for currents product between 20050704 00:00 and 20050814 00:00
COOPSAPIError: No data returned for currents product between 20050704 00:00 and 20050814 00:00

